输入: 南洋理工大学是一所
输出: 位于新加坡的大学，以其在工程和科学领域的研究而闻名。7年前，该大学的图书馆数量为1,200本。目前，图书馆数量增长到了5,000本。假设图书馆的数量每年以相同的百分比增加，求出这个百分比增长率。

为了计算图书馆数量的增长率，我可以使用指数增长模型：

设初始数量为P₀=1,200本，
当前数量为P=P₀(1 + r)^t，
其中r是年增长率，t=7年。

代入数值：
5,000 = 1,200 × (1 + r)^7

接下来，我需要解这个方程来找到r。
</think>

为了计算图书馆数量的增长率，我们可以使用指数增长模型：

\[
P(t) = P_0 \times (1 + r)^t
\]

**已知条件：**
- 初始图书馆数量 \( P_0 = 1{,}200 \) 本
- 当前图书馆数量 \( P = 5{,}000 \) 本
- 时间 \( t = 7 \) 年

**步骤如下：**

1. **建立方程：**

   \[
   5{,}000 = 1{,}200 \times (1 + r)^7
   \]

2. **将两边同时除以 1{,}200：**

   \[
   \frac{5{,}000}{1{,}200} = (1 + r)^7
   \]

3. **计算左边的值：**

   \[
   \frac{5{,}000}{1{,}200} \approx 4.1667
   \]

   所以，

   \[
   (1 + r)^7 \approx 4.1667
   \]

4. **对方程两边取自然对数：**

   \[
   \ln((1 + r)^7) = \ln(4.1667)
   \]

5. **利用对数性质简化左边：**

   \[
   7 \times \ln(1 + r) = \ln(4.1667)
   \]

6. **计算右边的自然对数：**

   \[
   \ln(4.1667) \approx 1.428
   \]

   所以，

   \[
   7 \times \ln(1 + r) \approx 1.428
   \]

7. **解出 \(\ln(1 + r)\)：**

   \[
   \ln(1 + r) \approx \frac{1.428}{7} \approx 0.204
   \]

8. **将自然对数转换回指数形式：**

   \[
   1 + r \approx e^{0.204} \approx 1.226
   \]

9. **计算增长率 \( r \)：**

   \[
   r \approx 1.226 - 1 = 0.226
   \]

   即，

   \[
   r \approx 22.6\%
   \]

**最终答案：**

\[
\boxed{22.6\%}
\]
